CV fold 0 of 5 (~0% done, ETA unknown)
Training with eta=0.010000, l2_coeff=0.010000, use_adagrad=True
FeatureVectorizer: preallocating with 0 messages, 0 examples
FeatureVectorizer: number of referents: 0
CV fold 0 of 5, Iteration 0 of 10, Example 89 of 288 (~1% done, ETA Tue Oct 20 06:40:02 2015)
CV fold 0 of 5, Iteration 0 of 10, Example 172 of 288 (~1% done, ETA Tue Oct 20 07:06:13 2015)
CV fold 0 of 5, Iteration 0 of 10, Example 256 of 288 (~2% done, ETA Tue Oct 20 07:11:36 2015)
Error: 1840.402200
Weight update magnitude: 0.312055
CV fold 0 of 5, Iteration 1 of 10, Example 56 of 288 (~2% done, ETA Tue Oct 20 07:05:48 2015)
CV fold 0 of 5, Iteration 1 of 10, Example 145 of 288 (~3% done, ETA Tue Oct 20 06:59:44 2015)
CV fold 0 of 5, Iteration 1 of 10, Example 233 of 288 (~4% done, ETA Tue Oct 20 06:57:02 2015)
Error: 2063.511533
Weight update magnitude: 0.024640
CV fold 0 of 5, Iteration 2 of 10, Example 34 of 288 (~4% done, ETA Tue Oct 20 06:54:21 2015)
CV fold 0 of 5, Iteration 2 of 10, Example 123 of 288 (~5% done, ETA Tue Oct 20 06:52:34 2015)
CV fold 0 of 5, Iteration 2 of 10, Example 212 of 288 (~5% done, ETA Tue Oct 20 06:51:07 2015)
Error: 2039.211690
Weight update magnitude: 0.013564
CV fold 0 of 5, Iteration 3 of 10, Example 13 of 288 (~6% done, ETA Tue Oct 20 06:49:44 2015)
CV fold 0 of 5, Iteration 3 of 10, Example 104 of 288 (~7% done, ETA Tue Oct 20 06:46:45 2015)
CV fold 0 of 5, Iteration 3 of 10, Example 195 of 288 (~7% done, ETA Tue Oct 20 06:44:20 2015)
CV fold 0 of 5, Iteration 3 of 10, Example 284 of 288 (~8% done, ETA Tue Oct 20 06:43:48 2015)
Error: 2037.336867
Weight update magnitude: 0.009157
CV fold 0 of 5, Iteration 4 of 10, Example 87 of 288 (~9% done, ETA Tue Oct 20 06:41:51 2015)
CV fold 0 of 5, Iteration 4 of 10, Example 178 of 288 (~9% done, ETA Tue Oct 20 06:40:24 2015)
CV fold 0 of 5, Iteration 4 of 10, Example 269 of 288 (~10% done, ETA Tue Oct 20 06:39:09 2015)
Error: 2071.925681
Weight update magnitude: 0.007005
CV fold 0 of 5, Iteration 5 of 10, Example 72 of 288 (~11% done, ETA Tue Oct 20 06:38:03 2015)
CV fold 0 of 5, Iteration 5 of 10, Example 162 of 288 (~11% done, ETA Tue Oct 20 06:37:10 2015)
CV fold 0 of 5, Iteration 5 of 10, Example 253 of 288 (~12% done, ETA Tue Oct 20 06:36:05 2015)
Error: 2107.379650
Weight update magnitude: 0.005713
CV fold 0 of 5, Iteration 6 of 10, Example 53 of 288 (~12% done, ETA Tue Oct 20 06:36:35 2015)
CV fold 0 of 5, Iteration 6 of 10, Example 137 of 288 (~13% done, ETA Tue Oct 20 06:38:40 2015)
CV fold 0 of 5, Iteration 6 of 10, Example 225 of 288 (~14% done, ETA Tue Oct 20 06:39:09 2015)
Error: 2161.753196
Weight update magnitude: 0.004996
CV fold 0 of 5, Iteration 7 of 10, Example 27 of 288 (~14% done, ETA Tue Oct 20 06:38:32 2015)
CV fold 0 of 5, Iteration 7 of 10, Example 115 of 288 (~15% done, ETA Tue Oct 20 06:38:37 2015)
CV fold 0 of 5, Iteration 7 of 10, Example 203 of 288 (~15% done, ETA Tue Oct 20 06:38:49 2015)
Error: 2174.615359
Weight update magnitude: 0.004189
CV fold 0 of 5, Iteration 8 of 10, Example 3 of 288 (~16% done, ETA Tue Oct 20 06:38:57 2015)
CV fold 0 of 5, Iteration 8 of 10, Example 91 of 288 (~17% done, ETA Tue Oct 20 06:39:10 2015)
CV fold 0 of 5, Iteration 8 of 10, Example 179 of 288 (~17% done, ETA Tue Oct 20 06:39:27 2015)
CV fold 0 of 5, Iteration 8 of 10, Example 267 of 288 (~18% done, ETA Tue Oct 20 06:39:39 2015)
Error: 2202.226816
Weight update magnitude: 0.003679
CV fold 0 of 5, Iteration 9 of 10, Example 66 of 288 (~18% done, ETA Tue Oct 20 06:40:10 2015)
CV fold 0 of 5, Iteration 9 of 10, Example 153 of 288 (~19% done, ETA Tue Oct 20 06:40:38 2015)
CV fold 0 of 5, Iteration 9 of 10, Example 241 of 288 (~20% done, ETA Tue Oct 20 06:40:52 2015)
Error: 2202.244456
Weight update magnitude: 0.003208
accuracy: 0.000
mean_multiset_dice: 0.553
Training with eta=0.010000, l2_coeff=0.010000, use_adagrad=True
FeatureVectorizer: preallocating with 0 messages, 0 examples
FeatureVectorizer: number of referents: 0
CV fold 1 of 5, Iteration 0 of 10, Example 15 of 288 (~20% done, ETA Tue Oct 20 06:48:30 2015)
CV fold 1 of 5, Iteration 0 of 10, Example 103 of 288 (~21% done, ETA Tue Oct 20 06:48:21 2015)
CV fold 1 of 5, Iteration 0 of 10, Example 192 of 288 (~21% done, ETA Tue Oct 20 06:48:06 2015)
CV fold 1 of 5, Iteration 0 of 10, Example 281 of 288 (~22% done, ETA Tue Oct 20 06:47:43 2015)
Error: 1760.005088
Weight update magnitude: 0.307160
CV fold 1 of 5, Iteration 1 of 10, Example 82 of 288 (~23% done, ETA Tue Oct 20 06:47:22 2015)
CV fold 1 of 5, Iteration 1 of 10, Example 171 of 288 (~23% done, ETA Tue Oct 20 06:47:07 2015)
CV fold 1 of 5, Iteration 1 of 10, Example 261 of 288 (~24% done, ETA Tue Oct 20 06:46:39 2015)
Error: 2150.593426
Weight update magnitude: 0.023385
CV fold 1 of 5, Iteration 2 of 10, Example 62 of 288 (~24% done, ETA Tue Oct 20 06:46:21 2015)
CV fold 1 of 5, Iteration 2 of 10, Example 152 of 288 (~25% done, ETA Tue Oct 20 06:45:48 2015)
CV fold 1 of 5, Iteration 2 of 10, Example 243 of 288 (~26% done, ETA Tue Oct 20 06:45:12 2015)
Error: 2232.346523
Weight update magnitude: 0.012986
CV fold 1 of 5, Iteration 3 of 10, Example 46 of 288 (~26% done, ETA Tue Oct 20 06:44:34 2015)
CV fold 1 of 5, Iteration 3 of 10, Example 136 of 288 (~27% done, ETA Tue Oct 20 06:44:05 2015)
CV fold 1 of 5, Iteration 3 of 10, Example 225 of 288 (~28% done, ETA Tue Oct 20 06:43:50 2015)
Error: 2228.128718
Weight update magnitude: 0.008635
CV fold 1 of 5, Iteration 4 of 10, Example 24 of 288 (~28% done, ETA Tue Oct 20 06:44:04 2015)
CV fold 1 of 5, Iteration 4 of 10, Example 110 of 288 (~29% done, ETA Tue Oct 20 06:44:29 2015)
CV fold 1 of 5, Iteration 4 of 10, Example 196 of 288 (~29% done, ETA Tue Oct 20 06:44:50 2015)
CV fold 1 of 5, Iteration 4 of 10, Example 284 of 288 (~30% done, ETA Tue Oct 20 06:44:45 2015)
Error: 2273.953090
Weight update magnitude: 0.006741
CV fold 1 of 5, Iteration 5 of 10, Example 86 of 288 (~31% done, ETA Tue Oct 20 06:44:26 2015)
CV fold 1 of 5, Iteration 5 of 10, Example 172 of 288 (~31% done, ETA Tue Oct 20 06:44:46 2015)
CV fold 1 of 5, Iteration 5 of 10, Example 259 of 288 (~32% done, ETA Tue Oct 20 06:45:01 2015)
Error: 2300.058355
Weight update magnitude: 0.005461
CV fold 1 of 5, Iteration 6 of 10, Example 58 of 288 (~32% done, ETA Tue Oct 20 06:45:12 2015)
CV fold 1 of 5, Iteration 6 of 10, Example 147 of 288 (~33% done, ETA Tue Oct 20 06:45:03 2015)
CV fold 1 of 5, Iteration 6 of 10, Example 239 of 288 (~34% done, ETA Tue Oct 20 06:44:20 2015)
Error: 2332.110862
Weight update magnitude: 0.004667
CV fold 1 of 5, Iteration 7 of 10, Example 42 of 288 (~34% done, ETA Tue Oct 20 06:43:47 2015)
CV fold 1 of 5, Iteration 7 of 10, Example 135 of 288 (~35% done, ETA Tue Oct 20 06:42:55 2015)
CV fold 1 of 5, Iteration 7 of 10, Example 226 of 288 (~36% done, ETA Tue Oct 20 06:42:25 2015)
Error: 2337.122544
Weight update magnitude: 0.003958
CV fold 1 of 5, Iteration 8 of 10, Example 30 of 288 (~36% done, ETA Tue Oct 20 06:41:48 2015)
CV fold 1 of 5, Iteration 8 of 10, Example 122 of 288 (~37% done, ETA Tue Oct 20 06:41:15 2015)
CV fold 1 of 5, Iteration 8 of 10, Example 214 of 288 (~37% done, ETA Tue Oct 20 06:40:39 2015)
Error: 2367.884302
Weight update magnitude: 0.003523
CV fold 1 of 5, Iteration 9 of 10, Example 18 of 288 (~38% done, ETA Tue Oct 20 06:40:09 2015)
CV fold 1 of 5, Iteration 9 of 10, Example 110 of 288 (~39% done, ETA Tue Oct 20 06:39:35 2015)
CV fold 1 of 5, Iteration 9 of 10, Example 203 of 288 (~39% done, ETA Tue Oct 20 06:38:59 2015)
Error: 2395.831474
Weight update magnitude: 0.003158
accuracy: 0.028
mean_multiset_dice: 0.538
CV fold 2 of 5 (~40% done, ETA Tue Oct 20 06:42:06 2015)
Training with eta=0.010000, l2_coeff=0.010000, use_adagrad=True
FeatureVectorizer: preallocating with 0 messages, 0 examples
FeatureVectorizer: number of referents: 0
CV fold 2 of 5, Iteration 0 of 10, Example 93 of 288 (~41% done, ETA Tue Oct 20 06:41:25 2015)
CV fold 2 of 5, Iteration 0 of 10, Example 185 of 288 (~41% done, ETA Tue Oct 20 06:40:53 2015)
CV fold 2 of 5, Iteration 0 of 10, Example 277 of 288 (~42% done, ETA Tue Oct 20 06:40:26 2015)
Error: 1682.911850
Weight update magnitude: 0.320208
CV fold 2 of 5, Iteration 1 of 10, Example 82 of 288 (~43% done, ETA Tue Oct 20 06:39:53 2015)
CV fold 2 of 5, Iteration 1 of 10, Example 174 of 288 (~43% done, ETA Tue Oct 20 06:39:24 2015)
CV fold 2 of 5, Iteration 1 of 10, Example 265 of 288 (~44% done, ETA Tue Oct 20 06:39:03 2015)
Error: 2011.991060
Weight update magnitude: 0.022143
CV fold 2 of 5, Iteration 2 of 10, Example 69 of 288 (~44% done, ETA Tue Oct 20 06:38:34 2015)
CV fold 2 of 5, Iteration 2 of 10, Example 162 of 288 (~45% done, ETA Tue Oct 20 06:38:00 2015)
CV fold 2 of 5, Iteration 2 of 10, Example 255 of 288 (~46% done, ETA Tue Oct 20 06:37:30 2015)
Error: 2086.887315
Weight update magnitude: 0.012367
CV fold 2 of 5, Iteration 3 of 10, Example 59 of 288 (~46% done, ETA Tue Oct 20 06:37:05 2015)
CV fold 2 of 5, Iteration 3 of 10, Example 152 of 288 (~47% done, ETA Tue Oct 20 06:36:36 2015)
CV fold 2 of 5, Iteration 3 of 10, Example 244 of 288 (~48% done, ETA Tue Oct 20 06:36:12 2015)
Error: 2129.920282
Weight update magnitude: 0.008488
CV fold 2 of 5, Iteration 4 of 10, Example 48 of 288 (~48% done, ETA Tue Oct 20 06:35:48 2015)
CV fold 2 of 5, Iteration 4 of 10, Example 140 of 288 (~49% done, ETA Tue Oct 20 06:35:28 2015)
CV fold 2 of 5, Iteration 4 of 10, Example 232 of 288 (~50% done, ETA Tue Oct 20 06:35:10 2015)
Error: 2148.745771
Weight update magnitude: 0.006466
CV fold 2 of 5, Iteration 5 of 10, Example 36 of 288 (~50% done, ETA Tue Oct 20 06:34:51 2015)
CV fold 2 of 5, Iteration 5 of 10, Example 128 of 288 (~51% done, ETA Tue Oct 20 06:34:31 2015)
CV fold 2 of 5, Iteration 5 of 10, Example 219 of 288 (~52% done, ETA Tue Oct 20 06:34:16 2015)
Error: 2171.404693
Weight update magnitude: 0.005207
CV fold 2 of 5, Iteration 6 of 10, Example 24 of 288 (~52% done, ETA Tue Oct 20 06:33:51 2015)
CV fold 2 of 5, Iteration 6 of 10, Example 116 of 288 (~53% done, ETA Tue Oct 20 06:33:35 2015)
CV fold 2 of 5, Iteration 6 of 10, Example 208 of 288 (~53% done, ETA Tue Oct 20 06:33:15 2015)
Error: 2211.000848
Weight update magnitude: 0.004452
CV fold 2 of 5, Iteration 7 of 10, Example 11 of 288 (~54% done, ETA Tue Oct 20 06:33:06 2015)
CV fold 2 of 5, Iteration 7 of 10, Example 104 of 288 (~55% done, ETA Tue Oct 20 06:32:43 2015)
CV fold 2 of 5, Iteration 7 of 10, Example 195 of 288 (~55% done, ETA Tue Oct 20 06:32:31 2015)
CV fold 2 of 5, Iteration 7 of 10, Example 287 of 288 (~56% done, ETA Tue Oct 20 06:32:16 2015)
Error: 2241.420729
Weight update magnitude: 0.003876
CV fold 2 of 5, Iteration 8 of 10, Example 90 of 288 (~57% done, ETA Tue Oct 20 06:32:05 2015)
CV fold 2 of 5, Iteration 8 of 10, Example 183 of 288 (~57% done, ETA Tue Oct 20 06:31:46 2015)
CV fold 2 of 5, Iteration 8 of 10, Example 275 of 288 (~58% done, ETA Tue Oct 20 06:31:34 2015)
Error: 2272.299968
Weight update magnitude: 0.003447
CV fold 2 of 5, Iteration 9 of 10, Example 81 of 288 (~59% done, ETA Tue Oct 20 06:31:09 2015)
CV fold 2 of 5, Iteration 9 of 10, Example 173 of 288 (~59% done, ETA Tue Oct 20 06:30:52 2015)
CV fold 2 of 5, Iteration 9 of 10, Example 265 of 288 (~60% done, ETA Tue Oct 20 06:30:37 2015)
Error: 2286.284194
Weight update magnitude: 0.003068
accuracy: 0.000
mean_multiset_dice: 0.534
Training with eta=0.010000, l2_coeff=0.010000, use_adagrad=True
FeatureVectorizer: preallocating with 0 messages, 0 examples
FeatureVectorizer: number of referents: 0
CV fold 3 of 5, Iteration 0 of 10, Example 42 of 288 (~60% done, ETA Tue Oct 20 06:32:52 2015)
CV fold 3 of 5, Iteration 0 of 10, Example 133 of 288 (~61% done, ETA Tue Oct 20 06:32:40 2015)
CV fold 3 of 5, Iteration 0 of 10, Example 225 of 288 (~62% done, ETA Tue Oct 20 06:32:25 2015)
Error: 1778.696361
Weight update magnitude: 0.319243
CV fold 3 of 5, Iteration 1 of 10, Example 30 of 288 (~62% done, ETA Tue Oct 20 06:32:05 2015)
CV fold 3 of 5, Iteration 1 of 10, Example 123 of 288 (~63% done, ETA Tue Oct 20 06:31:47 2015)
CV fold 3 of 5, Iteration 1 of 10, Example 215 of 288 (~63% done, ETA Tue Oct 20 06:31:35 2015)
Error: 2009.375559
Weight update magnitude: 0.023173
CV fold 3 of 5, Iteration 2 of 10, Example 18 of 288 (~64% done, ETA Tue Oct 20 06:31:25 2015)
CV fold 3 of 5, Iteration 2 of 10, Example 110 of 288 (~65% done, ETA Tue Oct 20 06:31:10 2015)
CV fold 3 of 5, Iteration 2 of 10, Example 202 of 288 (~65% done, ETA Tue Oct 20 06:30:57 2015)
Error: 2021.563692
Weight update magnitude: 0.012993
CV fold 3 of 5, Iteration 3 of 10, Example 6 of 288 (~66% done, ETA Tue Oct 20 06:30:44 2015)
CV fold 3 of 5, Iteration 3 of 10, Example 98 of 288 (~67% done, ETA Tue Oct 20 06:30:34 2015)
CV fold 3 of 5, Iteration 3 of 10, Example 190 of 288 (~67% done, ETA Tue Oct 20 06:30:21 2015)
CV fold 3 of 5, Iteration 3 of 10, Example 282 of 288 (~68% done, ETA Tue Oct 20 06:30:12 2015)
Error: 2030.284409
Weight update magnitude: 0.009153
CV fold 3 of 5, Iteration 4 of 10, Example 85 of 288 (~69% done, ETA Tue Oct 20 06:30:03 2015)
CV fold 3 of 5, Iteration 4 of 10, Example 177 of 288 (~69% done, ETA Tue Oct 20 06:29:52 2015)
CV fold 3 of 5, Iteration 4 of 10, Example 268 of 288 (~70% done, ETA Tue Oct 20 06:29:43 2015)
Error: 2013.390517
Weight update magnitude: 0.006904
CV fold 3 of 5, Iteration 5 of 10, Example 72 of 288 (~71% done, ETA Tue Oct 20 06:29:32 2015)
CV fold 3 of 5, Iteration 5 of 10, Example 163 of 288 (~71% done, ETA Tue Oct 20 06:29:25 2015)
CV fold 3 of 5, Iteration 5 of 10, Example 255 of 288 (~72% done, ETA Tue Oct 20 06:29:15 2015)
Error: 2028.502915
Weight update magnitude: 0.005601
CV fold 3 of 5, Iteration 6 of 10, Example 60 of 288 (~72% done, ETA Tue Oct 20 06:29:01 2015)
CV fold 3 of 5, Iteration 6 of 10, Example 153 of 288 (~73% done, ETA Tue Oct 20 06:28:47 2015)
CV fold 3 of 5, Iteration 6 of 10, Example 245 of 288 (~74% done, ETA Tue Oct 20 06:28:35 2015)
Error: 2020.245146
Weight update magnitude: 0.004656
CV fold 3 of 5, Iteration 7 of 10, Example 50 of 288 (~74% done, ETA Tue Oct 20 06:28:21 2015)
CV fold 3 of 5, Iteration 7 of 10, Example 142 of 288 (~75% done, ETA Tue Oct 20 06:28:12 2015)
CV fold 3 of 5, Iteration 7 of 10, Example 235 of 288 (~76% done, ETA Tue Oct 20 06:27:59 2015)
Error: 2021.977540
Weight update magnitude: 0.003950
CV fold 3 of 5, Iteration 8 of 10, Example 40 of 288 (~76% done, ETA Tue Oct 20 06:27:46 2015)
CV fold 3 of 5, Iteration 8 of 10, Example 133 of 288 (~77% done, ETA Tue Oct 20 06:27:31 2015)
CV fold 3 of 5, Iteration 8 of 10, Example 226 of 288 (~78% done, ETA Tue Oct 20 06:27:18 2015)
Error: 2011.685205
Weight update magnitude: 0.003420
CV fold 3 of 5, Iteration 9 of 10, Example 31 of 288 (~78% done, ETA Tue Oct 20 06:27:04 2015)
CV fold 3 of 5, Iteration 9 of 10, Example 124 of 288 (~79% done, ETA Tue Oct 20 06:26:50 2015)
CV fold 3 of 5, Iteration 9 of 10, Example 216 of 288 (~80% done, ETA Tue Oct 20 06:26:43 2015)
Error: 2013.045569
Weight update magnitude: 0.003031
accuracy: 0.028
mean_multiset_dice: 0.521
CV fold 4 of 5 (~80% done, ETA Tue Oct 20 06:28:28 2015)
Training with eta=0.010000, l2_coeff=0.010000, use_adagrad=True
FeatureVectorizer: preallocating with 0 messages, 0 examples
FeatureVectorizer: number of referents: 0
CV fold 4 of 5, Iteration 0 of 10, Example 93 of 288 (~81% done, ETA Tue Oct 20 06:28:17 2015)
CV fold 4 of 5, Iteration 0 of 10, Example 186 of 288 (~81% done, ETA Tue Oct 20 06:28:04 2015)
CV fold 4 of 5, Iteration 0 of 10, Example 279 of 288 (~82% done, ETA Tue Oct 20 06:27:53 2015)
Error: 1812.693692
Weight update magnitude: 0.316901
CV fold 4 of 5, Iteration 1 of 10, Example 83 of 288 (~83% done, ETA Tue Oct 20 06:27:43 2015)
CV fold 4 of 5, Iteration 1 of 10, Example 176 of 288 (~83% done, ETA Tue Oct 20 06:27:33 2015)
CV fold 4 of 5, Iteration 1 of 10, Example 268 of 288 (~84% done, ETA Tue Oct 20 06:27:24 2015)
Error: 2119.801154
Weight update magnitude: 0.022445
CV fold 4 of 5, Iteration 2 of 10, Example 72 of 288 (~85% done, ETA Tue Oct 20 06:27:16 2015)
CV fold 4 of 5, Iteration 2 of 10, Example 164 of 288 (~85% done, ETA Tue Oct 20 06:27:09 2015)
CV fold 4 of 5, Iteration 2 of 10, Example 256 of 288 (~86% done, ETA Tue Oct 20 06:27:01 2015)
Error: 2257.828617
Weight update magnitude: 0.013552
CV fold 4 of 5, Iteration 3 of 10, Example 61 of 288 (~86% done, ETA Tue Oct 20 06:26:51 2015)
CV fold 4 of 5, Iteration 3 of 10, Example 153 of 288 (~87% done, ETA Tue Oct 20 06:26:42 2015)
CV fold 4 of 5, Iteration 3 of 10, Example 246 of 288 (~88% done, ETA Tue Oct 20 06:26:32 2015)
Error: 2300.140090
Weight update magnitude: 0.009258
CV fold 4 of 5, Iteration 4 of 10, Example 50 of 288 (~88% done, ETA Tue Oct 20 06:26:23 2015)
CV fold 4 of 5, Iteration 4 of 10, Example 143 of 288 (~89% done, ETA Tue Oct 20 06:26:13 2015)
CV fold 4 of 5, Iteration 4 of 10, Example 235 of 288 (~90% done, ETA Tue Oct 20 06:26:06 2015)
Error: 2340.593496
Weight update magnitude: 0.007063
CV fold 4 of 5, Iteration 5 of 10, Example 39 of 288 (~90% done, ETA Tue Oct 20 06:25:58 2015)
CV fold 4 of 5, Iteration 5 of 10, Example 131 of 288 (~91% done, ETA Tue Oct 20 06:25:51 2015)
CV fold 4 of 5, Iteration 5 of 10, Example 223 of 288 (~92% done, ETA Tue Oct 20 06:25:44 2015)
Error: 2347.246287
Weight update magnitude: 0.005496
CV fold 4 of 5, Iteration 6 of 10, Example 26 of 288 (~92% done, ETA Tue Oct 20 06:25:40 2015)
CV fold 4 of 5, Iteration 6 of 10, Example 118 of 288 (~93% done, ETA Tue Oct 20 06:25:33 2015)
CV fold 4 of 5, Iteration 6 of 10, Example 210 of 288 (~93% done, ETA Tue Oct 20 06:25:26 2015)
Error: 2410.575343
Weight update magnitude: 0.004757
CV fold 4 of 5, Iteration 7 of 10, Example 15 of 288 (~94% done, ETA Tue Oct 20 06:25:17 2015)
CV fold 4 of 5, Iteration 7 of 10, Example 107 of 288 (~95% done, ETA Tue Oct 20 06:25:10 2015)
CV fold 4 of 5, Iteration 7 of 10, Example 199 of 288 (~95% done, ETA Tue Oct 20 06:25:03 2015)
Error: 2440.076552
Weight update magnitude: 0.004075
CV fold 4 of 5, Iteration 8 of 10, Example 3 of 288 (~96% done, ETA Tue Oct 20 06:24:56 2015)
CV fold 4 of 5, Iteration 8 of 10, Example 95 of 288 (~97% done, ETA Tue Oct 20 06:24:49 2015)
CV fold 4 of 5, Iteration 8 of 10, Example 187 of 288 (~97% done, ETA Tue Oct 20 06:24:44 2015)
CV fold 4 of 5, Iteration 8 of 10, Example 279 of 288 (~98% done, ETA Tue Oct 20 06:24:36 2015)
Error: 2442.719500
Weight update magnitude: 0.003480
CV fold 4 of 5, Iteration 9 of 10, Example 85 of 288 (~99% done, ETA Tue Oct 20 06:24:25 2015)
CV fold 4 of 5, Iteration 9 of 10, Example 178 of 288 (~99% done, ETA Tue Oct 20 06:24:15 2015)
CV fold 4 of 5, Iteration 9 of 10, Example 270 of 288 (~100% done, ETA Tue Oct 20 06:24:11 2015)
Error: 2495.473563
Weight update magnitude: 0.003151
accuracy: 0.042
mean_multiset_dice: 0.614
======================================================================
Type: listener
Domain: singular/people
Features: features
Cross-validation folds: 5
Learning rate: 0.01
L2 coefs: [0.01, 0.01, 0.01, 0.01, 0.01]
Mean iterations to convergence:  9.000 (+/- 0.000)
Mean accuracy: 0.019 (0.000--0.031)
Mean mean_multiset_dice: 0.552 (0.531--0.595)
